2023-06-09T13:45:54+00:00 CRITICAL Uncaught Error: Class "USAM_Walker_Nav_Menu" not found in /home/2135-21/web/chernaev.xn--80ahdri7a.site/public_html/wp-content/themes/domino/header.php:28
Stack trace:
#0 /home/2135-21/web/chernaev.xn--80ahdri7a.site/public_html/wp-includes/template.php(783): require_once()
#1 /home/2135-21/web/chernaev.xn--80ahdri7a.site/public_html/wp-includes/template.php(718): load_template()
#2 /home/2135-21/web/chernaev.xn--80ahdri7a.site/public_html/wp-includes/general-template.php(48): locate_template()
#3 /home/2135-21/web/chernaev.xn--80ahdri7a.site/public_html/wp-content/themes/domino/single.php(1): get_header()
#4 /home/2135-21/web/chernaev.xn--80ahdri7a.site/public_html/wp-includes/template-loader.php(106): include('...')
#5 /home/2135-21/web/chernaev.xn--80ahdri7a.site/public_html/wp-blog-header.php(19): require_once('...')
#6 /home/2135-21/web/chernaev.xn--80ahdri7a.site/public_html/index.php(17): require('...')
#7 {main}
  thrown в /home/2135-21/web/chernaev.xn--80ahdri7a.site/public_html/wp-content/themes/domino/header.php на строке 28

2023-06-09T13:46:12+00:00 CRITICAL Uncaught Error: Class "USAM_Walker_Nav_Menu" not found in /home/2135-21/web/chernaev.xn--80ahdri7a.site/public_html/wp-content/themes/domino/header.php:28
Stack trace:
#0 /home/2135-21/web/chernaev.xn--80ahdri7a.site/public_html/wp-includes/template.php(783): require_once()
#1 /home/2135-21/web/chernaev.xn--80ahdri7a.site/public_html/wp-includes/template.php(718): load_template()
#2 /home/2135-21/web/chernaev.xn--80ahdri7a.site/public_html/wp-includes/general-template.php(48): locate_template()
#3 /home/2135-21/web/chernaev.xn--80ahdri7a.site/public_html/wp-content/themes/domino/page.php(2): get_header()
#4 /home/2135-21/web/chernaev.xn--80ahdri7a.site/public_html/wp-includes/template-loader.php(106): include('...')
#5 /home/2135-21/web/chernaev.xn--80ahdri7a.site/public_html/wp-blog-header.php(19): require_once('...')
#6 /home/2135-21/web/chernaev.xn--80ahdri7a.site/public_html/index.php(17): require('...')
#7 {main}
  thrown в /home/2135-21/web/chernaev.xn--80ahdri7a.site/public_html/wp-content/themes/domino/header.php на строке 28

2023-06-09T13:46:14+00:00 CRITICAL Uncaught Error: Class "USAM_Walker_Nav_Menu" not found in /home/2135-21/web/chernaev.xn--80ahdri7a.site/public_html/wp-content/themes/domino/header.php:28
Stack trace:
#0 /home/2135-21/web/chernaev.xn--80ahdri7a.site/public_html/wp-includes/template.php(783): require_once()
#1 /home/2135-21/web/chernaev.xn--80ahdri7a.site/public_html/wp-includes/template.php(718): load_template()
#2 /home/2135-21/web/chernaev.xn--80ahdri7a.site/public_html/wp-includes/general-template.php(48): locate_template()
#3 /home/2135-21/web/chernaev.xn--80ahdri7a.site/public_html/wp-content/themes/domino/page.php(2): get_header()
#4 /home/2135-21/web/chernaev.xn--80ahdri7a.site/public_html/wp-includes/template-loader.php(106): include('...')
#5 /home/2135-21/web/chernaev.xn--80ahdri7a.site/public_html/wp-blog-header.php(19): require_once('...')
#6 /home/2135-21/web/chernaev.xn--80ahdri7a.site/public_html/index.php(17): require('...')
#7 {main}
  thrown в /home/2135-21/web/chernaev.xn--80ahdri7a.site/public_html/wp-content/themes/domino/header.php на строке 28

2023-06-09T13:46:26+00:00 CRITICAL Uncaught Error: Class "USAM_Walker_Nav_Menu" not found in /home/2135-21/web/chernaev.xn--80ahdri7a.site/public_html/wp-content/themes/domino/header.php:28
Stack trace:
#0 /home/2135-21/web/chernaev.xn--80ahdri7a.site/public_html/wp-includes/template.php(783): require_once()
#1 /home/2135-21/web/chernaev.xn--80ahdri7a.site/public_html/wp-includes/template.php(718): load_template()
#2 /home/2135-21/web/chernaev.xn--80ahdri7a.site/public_html/wp-includes/general-template.php(48): locate_template()
#3 /home/2135-21/web/chernaev.xn--80ahdri7a.site/public_html/wp-content/themes/domino/home.php(7): get_header()
#4 /home/2135-21/web/chernaev.xn--80ahdri7a.site/public_html/wp-includes/template-loader.php(106): include('...')
#5 /home/2135-21/web/chernaev.xn--80ahdri7a.site/public_html/wp-blog-header.php(19): require_once('...')
#6 /home/2135-21/web/chernaev.xn--80ahdri7a.site/public_html/index.php(17): require('...')
#7 {main}
  thrown в /home/2135-21/web/chernaev.xn--80ahdri7a.site/public_html/wp-content/themes/domino/header.php на строке 28

2023-06-09T13:48:58+00:00 CRITICAL Uncaught Error: Class "USAM_Walker_Nav_Menu" not found in /home/2135-21/web/chernaev.xn--80ahdri7a.site/public_html/wp-content/themes/domino/header.php:28
Stack trace:
#0 /home/2135-21/web/chernaev.xn--80ahdri7a.site/public_html/wp-includes/template.php(783): require_once()
#1 /home/2135-21/web/chernaev.xn--80ahdri7a.site/public_html/wp-includes/template.php(718): load_template()
#2 /home/2135-21/web/chernaev.xn--80ahdri7a.site/public_html/wp-includes/general-template.php(48): locate_template()
#3 /home/2135-21/web/chernaev.xn--80ahdri7a.site/public_html/wp-content/themes/domino/single.php(1): get_header()
#4 /home/2135-21/web/chernaev.xn--80ahdri7a.site/public_html/wp-includes/template-loader.php(106): include('...')
#5 /home/2135-21/web/chernaev.xn--80ahdri7a.site/public_html/wp-blog-header.php(19): require_once('...')
#6 /home/2135-21/web/chernaev.xn--80ahdri7a.site/public_html/index.php(17): require('...')
#7 {main}
  thrown в /home/2135-21/web/chernaev.xn--80ahdri7a.site/public_html/wp-content/themes/domino/header.php на строке 28

2023-06-09T13:50:46+00:00 CRITICAL Uncaught Error: Class "USAM_Walker_Nav_Menu" not found in /home/2135-21/web/chernaev.xn--80ahdri7a.site/public_html/wp-content/themes/domino/header.php:28
Stack trace:
#0 /home/2135-21/web/chernaev.xn--80ahdri7a.site/public_html/wp-includes/template.php(783): require_once()
#1 /home/2135-21/web/chernaev.xn--80ahdri7a.site/public_html/wp-includes/template.php(718): load_template()
#2 /home/2135-21/web/chernaev.xn--80ahdri7a.site/public_html/wp-includes/general-template.php(48): locate_template()
#3 /home/2135-21/web/chernaev.xn--80ahdri7a.site/public_html/wp-content/themes/domino/home.php(7): get_header()
#4 /home/2135-21/web/chernaev.xn--80ahdri7a.site/public_html/wp-includes/template-loader.php(106): include('...')
#5 /home/2135-21/web/chernaev.xn--80ahdri7a.site/public_html/wp-blog-header.php(19): require_once('...')
#6 /home/2135-21/web/chernaev.xn--80ahdri7a.site/public_html/index.php(17): require('...')
#7 {main}
  thrown в /home/2135-21/web/chernaev.xn--80ahdri7a.site/public_html/wp-content/themes/domino/header.php на строке 28

2023-06-09T13:50:57+00:00 CRITICAL Uncaught Error: Class "USAM_Walker_Nav_Menu" not found in /home/2135-21/web/chernaev.xn--80ahdri7a.site/public_html/wp-content/themes/domino/header.php:28
Stack trace:
#0 /home/2135-21/web/chernaev.xn--80ahdri7a.site/public_html/wp-includes/template.php(783): require_once()
#1 /home/2135-21/web/chernaev.xn--80ahdri7a.site/public_html/wp-includes/template.php(718): load_template()
#2 /home/2135-21/web/chernaev.xn--80ahdri7a.site/public_html/wp-includes/general-template.php(48): locate_template()
#3 /home/2135-21/web/chernaev.xn--80ahdri7a.site/public_html/wp-content/themes/domino/home.php(7): get_header()
#4 /home/2135-21/web/chernaev.xn--80ahdri7a.site/public_html/wp-includes/template-loader.php(106): include('...')
#5 /home/2135-21/web/chernaev.xn--80ahdri7a.site/public_html/wp-blog-header.php(19): require_once('...')
#6 /home/2135-21/web/chernaev.xn--80ahdri7a.site/public_html/index.php(17): require('...')
#7 {main}
  thrown в /home/2135-21/web/chernaev.xn--80ahdri7a.site/public_html/wp-content/themes/domino/header.php на строке 28

2023-06-09T13:51:14+00:00 CRITICAL Uncaught Error: Class "USAM_Walker_Nav_Menu" not found in /home/2135-21/web/chernaev.xn--80ahdri7a.site/public_html/wp-content/themes/domino/header.php:28
Stack trace:
#0 /home/2135-21/web/chernaev.xn--80ahdri7a.site/public_html/wp-includes/template.php(783): require_once()
#1 /home/2135-21/web/chernaev.xn--80ahdri7a.site/public_html/wp-includes/template.php(718): load_template()
#2 /home/2135-21/web/chernaev.xn--80ahdri7a.site/public_html/wp-includes/general-template.php(48): locate_template()
#3 /home/2135-21/web/chernaev.xn--80ahdri7a.site/public_html/wp-content/themes/domino/home.php(7): get_header()
#4 /home/2135-21/web/chernaev.xn--80ahdri7a.site/public_html/wp-includes/template-loader.php(106): include('...')
#5 /home/2135-21/web/chernaev.xn--80ahdri7a.site/public_html/wp-blog-header.php(19): require_once('...')
#6 /home/2135-21/web/chernaev.xn--80ahdri7a.site/public_html/index.php(17): require('...')
#7 {main}
  thrown в /home/2135-21/web/chernaev.xn--80ahdri7a.site/public_html/wp-content/themes/domino/header.php на строке 28

2023-06-09T13:51:34+00:00 CRITICAL Uncaught Error: Class "USAM_Walker_Nav_Menu" not found in /home/2135-21/web/chernaev.xn--80ahdri7a.site/public_html/wp-content/themes/domino/header.php:28
Stack trace:
#0 /home/2135-21/web/chernaev.xn--80ahdri7a.site/public_html/wp-includes/template.php(783): require_once()
#1 /home/2135-21/web/chernaev.xn--80ahdri7a.site/public_html/wp-includes/template.php(718): load_template()
#2 /home/2135-21/web/chernaev.xn--80ahdri7a.site/public_html/wp-includes/general-template.php(48): locate_template()
#3 /home/2135-21/web/chernaev.xn--80ahdri7a.site/public_html/wp-content/themes/domino/page.php(2): get_header()
#4 /home/2135-21/web/chernaev.xn--80ahdri7a.site/public_html/wp-includes/template-loader.php(106): include('...')
#5 /home/2135-21/web/chernaev.xn--80ahdri7a.site/public_html/wp-blog-header.php(19): require_once('...')
#6 /home/2135-21/web/chernaev.xn--80ahdri7a.site/public_html/index.php(17): require('...')
#7 {main}
  thrown в /home/2135-21/web/chernaev.xn--80ahdri7a.site/public_html/wp-content/themes/domino/header.php на строке 28

2023-06-09T13:52:32+00:00 CRITICAL Uncaught Error: Class "USAM_Walker_Nav_Menu" not found in /home/2135-21/web/chernaev.xn--80ahdri7a.site/public_html/wp-content/themes/domino/header.php:28
Stack trace:
#0 /home/2135-21/web/chernaev.xn--80ahdri7a.site/public_html/wp-includes/template.php(783): require_once()
#1 /home/2135-21/web/chernaev.xn--80ahdri7a.site/public_html/wp-includes/template.php(718): load_template()
#2 /home/2135-21/web/chernaev.xn--80ahdri7a.site/public_html/wp-includes/general-template.php(48): locate_template()
#3 /home/2135-21/web/chernaev.xn--80ahdri7a.site/public_html/wp-content/themes/domino/home.php(7): get_header()
#4 /home/2135-21/web/chernaev.xn--80ahdri7a.site/public_html/wp-includes/template-loader.php(106): include('...')
#5 /home/2135-21/web/chernaev.xn--80ahdri7a.site/public_html/wp-blog-header.php(19): require_once('...')
#6 /home/2135-21/web/chernaev.xn--80ahdri7a.site/public_html/index.php(17): require('...')
#7 {main}
  thrown в /home/2135-21/web/chernaev.xn--80ahdri7a.site/public_html/wp-content/themes/domino/header.php на строке 28

2023-06-09T13:52:36+00:00 CRITICAL Uncaught Error: Class "USAM_Walker_Nav_Menu" not found in /home/2135-21/web/chernaev.xn--80ahdri7a.site/public_html/wp-content/themes/domino/header.php:28
Stack trace:
#0 /home/2135-21/web/chernaev.xn--80ahdri7a.site/public_html/wp-includes/template.php(783): require_once()
#1 /home/2135-21/web/chernaev.xn--80ahdri7a.site/public_html/wp-includes/template.php(718): load_template()
#2 /home/2135-21/web/chernaev.xn--80ahdri7a.site/public_html/wp-includes/general-template.php(48): locate_template()
#3 /home/2135-21/web/chernaev.xn--80ahdri7a.site/public_html/wp-content/themes/domino/page.php(2): get_header()
#4 /home/2135-21/web/chernaev.xn--80ahdri7a.site/public_html/wp-includes/template-loader.php(106): include('...')
#5 /home/2135-21/web/chernaev.xn--80ahdri7a.site/public_html/wp-blog-header.php(19): require_once('...')
#6 /home/2135-21/web/chernaev.xn--80ahdri7a.site/public_html/index.php(17): require('...')
#7 {main}
  thrown в /home/2135-21/web/chernaev.xn--80ahdri7a.site/public_html/wp-content/themes/domino/header.php на строке 28

2023-06-09T13:52:39+00:00 CRITICAL Uncaught Error: Class "USAM_Walker_Nav_Menu" not found in /home/2135-21/web/chernaev.xn--80ahdri7a.site/public_html/wp-content/themes/domino/header.php:28
Stack trace:
#0 /home/2135-21/web/chernaev.xn--80ahdri7a.site/public_html/wp-includes/template.php(783): require_once()
#1 /home/2135-21/web/chernaev.xn--80ahdri7a.site/public_html/wp-includes/template.php(718): load_template()
#2 /home/2135-21/web/chernaev.xn--80ahdri7a.site/public_html/wp-includes/general-template.php(48): locate_template()
#3 /home/2135-21/web/chernaev.xn--80ahdri7a.site/public_html/wp-content/themes/domino/home.php(7): get_header()
#4 /home/2135-21/web/chernaev.xn--80ahdri7a.site/public_html/wp-includes/template-loader.php(106): include('...')
#5 /home/2135-21/web/chernaev.xn--80ahdri7a.site/public_html/wp-blog-header.php(19): require_once('...')
#6 /home/2135-21/web/chernaev.xn--80ahdri7a.site/public_html/index.php(17): require('...')
#7 {main}
  thrown в /home/2135-21/web/chernaev.xn--80ahdri7a.site/public_html/wp-content/themes/domino/header.php на строке 28

2023-06-09T13:52:54+00:00 CRITICAL Uncaught Error: Class "USAM_Walker_Nav_Menu" not found in /home/2135-21/web/chernaev.xn--80ahdri7a.site/public_html/wp-content/themes/domino/header.php:28
Stack trace:
#0 /home/2135-21/web/chernaev.xn--80ahdri7a.site/public_html/wp-includes/template.php(783): require_once()
#1 /home/2135-21/web/chernaev.xn--80ahdri7a.site/public_html/wp-includes/template.php(718): load_template()
#2 /home/2135-21/web/chernaev.xn--80ahdri7a.site/public_html/wp-includes/general-template.php(48): locate_template()
#3 /home/2135-21/web/chernaev.xn--80ahdri7a.site/public_html/wp-content/themes/domino/home.php(7): get_header()
#4 /home/2135-21/web/chernaev.xn--80ahdri7a.site/public_html/wp-includes/template-loader.php(106): include('...')
#5 /home/2135-21/web/chernaev.xn--80ahdri7a.site/public_html/wp-blog-header.php(19): require_once('...')
#6 /home/2135-21/web/chernaev.xn--80ahdri7a.site/public_html/index.php(17): require('...')
#7 {main}
  thrown в /home/2135-21/web/chernaev.xn--80ahdri7a.site/public_html/wp-content/themes/domino/header.php на строке 28

2023-06-09T13:53:22+00:00 CRITICAL Uncaught Error: Class "USAM_Walker_Nav_Menu" not found in /home/2135-21/web/chernaev.xn--80ahdri7a.site/public_html/wp-content/themes/domino/header.php:28
Stack trace:
#0 /home/2135-21/web/chernaev.xn--80ahdri7a.site/public_html/wp-includes/template.php(783): require_once()
#1 /home/2135-21/web/chernaev.xn--80ahdri7a.site/public_html/wp-includes/template.php(718): load_template()
#2 /home/2135-21/web/chernaev.xn--80ahdri7a.site/public_html/wp-includes/general-template.php(48): locate_template()
#3 /home/2135-21/web/chernaev.xn--80ahdri7a.site/public_html/wp-content/themes/domino/home.php(7): get_header()
#4 /home/2135-21/web/chernaev.xn--80ahdri7a.site/public_html/wp-includes/template-loader.php(106): include('...')
#5 /home/2135-21/web/chernaev.xn--80ahdri7a.site/public_html/wp-blog-header.php(19): require_once('...')
#6 /home/2135-21/web/chernaev.xn--80ahdri7a.site/public_html/index.php(17): require('...')
#7 {main}
  thrown в /home/2135-21/web/chernaev.xn--80ahdri7a.site/public_html/wp-content/themes/domino/header.php на строке 28

